-------------------------------------------------------------------------------
Test set: br.ufsc.atividade11.MarketTest
-------------------------------------------------------------------------------
Tests run: 5, Failures: 1, Errors: 0, Skipped: 0, Time elapsed: 1.48 s <<< FAILURE! - in br.ufsc.atividade11.MarketTest
waitForOffer(br.ufsc.atividade11.MarketTest)  Time elapsed: 0.218 s  <<< FAILURE!
java.lang.AssertionError: expected:<0> but was:<1>
	at br.ufsc.atividade11.MarketTest.waitForOffer(MarketTest.java:165)

