<?xml version="1.0" encoding="UTF-8"?>
<testsuite xmlns:xsi="http://www.w3.org/2001/XMLSchema-instance" xsi:noNamespaceSchemaLocation="https://maven.apache.org/surefire/maven-surefire-plugin/xsd/surefire-test-report.xsd" name="br.ufsc.atividade11.MarketTest" time="1.48" tests="5" errors="0" skipped="0" failures="1">
  <properties>
[...]
</properties>
  <testcase name="testCountTakes" classname="br.ufsc.atividade11.MarketTest" time="0.413"/>
  <testcase name="testPutBack" classname="br.ufsc.atividade11.MarketTest" time="0.404"/>
  <testcase name="testSetUnrelatedPrice" classname="br.ufsc.atividade11.MarketTest" time="0.203"/>
  <testcase name="testSetPriceBlocks" classname="br.ufsc.atividade11.MarketTest" time="0.203"/>
  <testcase name="waitForOffer" classname="br.ufsc.atividade11.MarketTest" time="0.218">
    <failure message="expected:&lt;0&gt; but was:&lt;1&gt;" type="java.lang.AssertionError"><![CDATA[java.lang.AssertionError: expected:<0> but was:<1>
	at br.ufsc.atividade11.MarketTest.waitForOffer(MarketTest.java:165)
]]></failure>
  </testcase>
</testsuite>